
> taskbox@0.2.0 build-storybook
> ng run taskbox:build-storybook --output-dir /var/folders/r9/9xyl606n78v4s6v_sdjkj9rm0000gn/T/chromatic--98232-ghQGR7L2y5UT

[0m
[0m [0m [0m [0m [0m [0m [0m [0m [0m [0m [0m [0m [0m [0m [0m [0m [0m [0m [0m [0m [0m [0m [0m [0m [0m [0m [0m [0m [0m [0m [0m [0m [0m [0m [0m [0m [0m [0m [0m [0m [0m [0m [0m [0m [0m [0m [0m [0m [0m [0m [0m [0m [0m [0m [0m [0m [0m [0m [0m [48;5;255m [48;5;255m [0m [0m [0m [0m [0m [0m [0m [0m [0m [0m [0m [0m
[0m [0m [0m [0m [0m [0m [0m [0m [0m [0m [0m [0m [0m [0m [0m [0m [0m [0m [0m [0m [0m [0m [0m [0m [0m [0m [0m [0m [0m [0m [0m [0m [0m [0m [0m [0m [0m [0m [0m [0m [0m [0m [0m [0m [0m [0m [0m [0m [0m [0m [0m [0m [0m [0m [0m [0m [0m [0m [0m [48;5;255m [48;5;255m [0m [0m [0m [0m [0m [0m [0m [0m [0m [0m [0m [0m
[0m [0m [0m [0m [0m [0m [0m [0m [0m [0m [0m [0m [0m [0m [0m [0m [0m [0m [0m [0m [0m [0m [0m [0m [0m [0m [0m [0m [0m [0m [0m [0m [0m [0m [0m [0m [0m [0m [0m [0m [0m [0m [0m [0m [0m [0m [0m [0m [0m [0m [0m [0m [0m [0m [0m [0m [0m [0m [0m [48;5;255m [48;5;255m [0m [0m [0m [0m [0m [0m [0m [0m [0m [0m [0m [0m
[48;5;255m [48;5;255m [48;5;255m [48;5;255m [48;5;255m [48;5;255m [48;5;255m [0m [0m [48;5;255m [48;5;255m [48;5;255m [48;5;255m [48;5;255m [48;5;255m [48;5;255m [48;5;255m [0m [0m [48;5;255m [48;5;255m [48;5;255m [48;5;255m [48;5;255m [48;5;255m [48;5;255m [48;5;255m [48;5;255m [48;5;255m [48;5;255m [48;5;255m [0m [0m [48;5;255m [48;5;255m [48;5;255m [48;5;255m [48;5;255m [48;5;255m [48;5;255m [48;5;255m [0m [0m [48;5;255m [48;5;255m [48;5;255m [48;5;255m [48;5;255m [48;5;255m [48;5;255m [48;5;255m [0m [0m [48;5;255m [48;5;255m [48;5;255m [48;5;255m [48;5;255m [48;5;255m [48;5;255m [48;5;255m [0m [0m [48;5;255m [48;5;255m [48;5;255m [48;5;255m [48;5;255m [48;5;255m [48;5;255m [48;5;255m [0m [0m [48;5;255m [48;5;255m [48;5;255m [48;5;255m [48;5;255m [48;5;255m [48;5;255m [48;5;255m [0m
[48;5;255m [48;5;255m [0m [0m [0m [0m [0m [0m [0m [48;5;255m [48;5;255m [0m [0m [0m [0m [48;5;255m [48;5;255m [0m [0m [48;5;255m [48;5;255m [0m [0m [0m [48;5;255m [48;5;255m [0m [0m [0m [48;5;255m [48;5;255m [0m [0m [48;5;255m [48;5;255m [0m [0m [0m [0m [48;5;255m [48;5;255m [0m [0m [48;5;255m [48;5;255m [0m [0m [0m [0m [48;5;255m [48;5;255m [0m [0m [48;5;255m [48;5;255m [0m [0m [0m [0m [48;5;255m [48;5;255m [0m [0m [48;5;255m [48;5;255m [0m [0m [0m [0m [48;5;255m [48;5;255m [0m [0m [48;5;255m [48;5;255m [0m
[48;5;255m [48;5;255m [0m [0m [0m [0m [0m [0m [0m [48;5;255m [48;5;255m [0m [0m [0m [0m [48;5;255m [48;5;255m [0m [0m [48;5;255m [48;5;255m [0m [0m [0m [48;5;255m [48;5;255m [0m [0m [0m [48;5;255m [48;5;255m [0m [0m [48;5;255m [48;5;255m [0m [0m [0m [0m [48;5;255m [48;5;255m [0m [0m [48;5;255m [48;5;255m [0m [0m [0m [0m [48;5;255m [48;5;255m [0m [0m [48;5;255m [48;5;255m [0m [0m [0m [0m [48;5;255m [48;5;255m [0m [0m [48;5;255m [48;5;255m [0m [0m [0m [0m [48;5;255m [48;5;255m [0m [0m [48;5;255m [48;5;255m [0m
[48;5;255m [48;5;255m [0m [0m [0m [0m [0m [0m [0m [48;5;255m [48;5;255m [0m [0m [0m [0m [48;5;255m [48;5;255m [0m [0m [48;5;255m [48;5;255m [0m [0m [0m [48;5;255m [48;5;255m [0m [0m [0m [48;5;255m [48;5;255m [0m [0m [48;5;255m [48;5;255m [0m [0m [0m [0m [48;5;255m [48;5;255m [0m [0m [48;5;255m [48;5;255m [0m [0m [0m [0m [48;5;255m [48;5;255m [0m [0m [48;5;255m [48;5;255m [0m [0m [0m [0m [48;5;255m [48;5;255m [0m [0m [48;5;255m [48;5;255m [0m [0m [0m [0m [48;5;255m [48;5;255m [0m [0m [48;5;255m [48;5;255m [0m
[48;5;255m [48;5;255m [48;5;255m [48;5;255m [48;5;255m [48;5;255m [48;5;255m [0m [0m [48;5;255m [48;5;255m [48;5;255m [48;5;255m [48;5;255m [48;5;255m [48;5;255m [48;5;255m [0m [0m [48;5;255m [48;5;255m [0m [0m [0m [48;5;255m [48;5;255m [0m [0m [0m [48;5;255m [48;5;255m [0m [0m [48;5;255m [48;5;255m [48;5;255m [48;5;255m [48;5;255m [48;5;255m [48;5;255m [48;5;255m [0m [0m [48;5;255m [48;5;255m [48;5;255m [48;5;255m [48;5;255m [48;5;255m [48;5;255m [48;5;255m [0m [0m [48;5;255m [48;5;255m [48;5;255m [48;5;255m [48;5;255m [48;5;255m [48;5;255m [48;5;255m [0m [0m [48;5;255m [48;5;255m [48;5;255m [48;5;255m [48;5;255m [48;5;255m [48;5;255m [48;5;255m [0m [0m [48;5;255m [48;5;255m [48;5;255m [48;5;255m [48;5;255m [48;5;255m [48;5;255m [48;5;255m [0m
[0m [0m [0m [0m [0m [0m [0m [0m [0m [0m [0m [0m [0m [0m [0m [0m [0m [0m [0m [0m [0m [0m [0m [0m [0m [0m [0m [0m [0m [0m [0m [0m [0m [48;5;255m [48;5;255m [0m [0m [0m [0m [0m [0m [0m [0m [0m [0m [0m [0m
[0m [0m [0m [0m [0m [0m [0m [0m [0m [0m [0m [0m [0m [0m [0m [0m [0m [0m [0m [0m [0m [0m [0m [0m [0m [0m [0m [0m [0m [0m [0m [0m [0m [48;5;255m [48;5;255m [0m [0m [0m [0m [0m [0m [0m [0m [0m [0m [0m [0m
[0m [0m [0m [0m [0m [0m [0m [0m [0m [0m [0m [0m [0m [0m [0m [0m [0m [0m [0m [0m [0m [0m [0m [0m [0m [0m [0m [0m [0m [0m [0m [0m [0m [48;5;255m [48;5;255m [0m [0m [0m [0m [0m [0m [0m [0m [0m [0m [0m [0m

1.1.23

TypeScript version used by Compodoc : 5.2.2

TypeScript version of current project : 5.2.2

Node.js version : v18.17.0

Operating system : macOS Unknown

[14:55:28] No configuration file found, switching to CLI flags.
[14:55:28] Using tsconfig file : /Users/ademeter/Work/tmp/taskbox/.storybook/tsconfig.json
[14:55:28] Including      : /Users/ademeter/Work/tmp/taskbox/.storybook/preview.ts
[14:55:28] Excluding      : /Users/ademeter/Work/tmp/taskbox/src/favicon.ico
[14:55:28] Excluding      : /Users/ademeter/Work/tmp/taskbox/src/index.html
[14:55:28] Including      : /Users/ademeter/Work/tmp/taskbox/src/main.ts
[14:55:28] Including      : /Users/ademeter/Work/tmp/taskbox/src/polyfills.ts
[14:55:28] Excluding      : /Users/ademeter/Work/tmp/taskbox/src/styles.css
[14:55:28] Excluding      : /Users/ademeter/Work/tmp/taskbox/src/app/app.component.css
[14:55:28] Excluding      : /Users/ademeter/Work/tmp/taskbox/src/app/app.component.html
[14:55:28] Including      : /Users/ademeter/Work/tmp/taskbox/src/app/app.component.ts
[14:55:28] Including      : /Users/ademeter/Work/tmp/taskbox/src/app/app.module.ts
[14:55:28] Including      : /Users/ademeter/Work/tmp/taskbox/src/environments/environment.prod.ts
[14:55:28] Including      : /Users/ademeter/Work/tmp/taskbox/src/environments/environment.ts
[14:55:28] Including      : /Users/ademeter/Work/tmp/taskbox/src/stories/Button.stories.ts
[14:55:28] Including      : /Users/ademeter/Work/tmp/taskbox/src/stories/Header.stories.ts
[14:55:28] Excluding      : /Users/ademeter/Work/tmp/taskbox/src/stories/Introduction.mdx
[14:55:28] Including      : /Users/ademeter/Work/tmp/taskbox/src/stories/Page.stories.ts
[14:55:28] Including      : /Users/ademeter/Work/tmp/taskbox/src/stories/User.ts
[14:55:28] Including      : /Users/ademeter/Work/tmp/taskbox/src/stories/button.component.ts
[14:55:28] Excluding      : /Users/ademeter/Work/tmp/taskbox/src/stories/button.css
[14:55:28] Including      : /Users/ademeter/Work/tmp/taskbox/src/stories/header.component.ts
[14:55:28] Excluding      : /Users/ademeter/Work/tmp/taskbox/src/stories/header.css
[14:55:28] Including      : /Users/ademeter/Work/tmp/taskbox/src/stories/page.component.ts
[14:55:28] Excluding      : /Users/ademeter/Work/tmp/taskbox/src/stories/page.css
[14:55:28] Including      : /Users/ademeter/Work/tmp/taskbox/src/app/models/task.model.ts
[14:55:28] Including      : /Users/ademeter/Work/tmp/taskbox/src/app/state/task.state.ts
[14:55:28] Excluding      : /Users/ademeter/Work/tmp/taskbox/src/assets/font/OpenSans-Light-webfont.eot
[14:55:28] Excluding      : /Users/ademeter/Work/tmp/taskbox/src/assets/font/OpenSans-Light-webfont.svg
[14:55:28] Excluding      : /Users/ademeter/Work/tmp/taskbox/src/assets/font/OpenSans-Light-webfont.ttf
[14:55:28] Excluding      : /Users/ademeter/Work/tmp/taskbox/src/assets/font/OpenSans-Light-webfont.woff
[14:55:28] Excluding      : /Users/ademeter/Work/tmp/taskbox/src/assets/font/OpenSans-Regular-webfont.eot
[14:55:28] Excluding      : /Users/ademeter/Work/tmp/taskbox/src/assets/font/OpenSans-Regular-webfont.svg
[14:55:28] Excluding      : /Users/ademeter/Work/tmp/taskbox/src/assets/font/OpenSans-Regular-webfont.ttf
[14:55:28] Excluding      : /Users/ademeter/Work/tmp/taskbox/src/assets/font/OpenSans-Regular-webfont.woff
[14:55:28] Excluding      : /Users/ademeter/Work/tmp/taskbox/src/assets/icon/percolate.eot
[14:55:28] Excluding      : /Users/ademeter/Work/tmp/taskbox/src/assets/icon/percolate.svg
[14:55:28] Excluding      : /Users/ademeter/Work/tmp/taskbox/src/assets/icon/percolate.ttf
[14:55:28] Excluding      : /Users/ademeter/Work/tmp/taskbox/src/assets/icon/percolate.woff
[14:55:28] Excluding      : /Users/ademeter/Work/tmp/taskbox/src/stories/assets/code-brackets.svg
[14:55:28] Excluding      : /Users/ademeter/Work/tmp/taskbox/src/stories/assets/colors.svg
[14:55:28] Excluding      : /Users/ademeter/Work/tmp/taskbox/src/stories/assets/comments.svg
[14:55:28] Excluding      : /Users/ademeter/Work/tmp/taskbox/src/stories/assets/direction.svg
[14:55:28] Excluding      : /Users/ademeter/Work/tmp/taskbox/src/stories/assets/flow.svg
[14:55:28] Excluding      : /Users/ademeter/Work/tmp/taskbox/src/stories/assets/plugin.svg
[14:55:28] Excluding      : /Users/ademeter/Work/tmp/taskbox/src/stories/assets/repo.svg
[14:55:28] Excluding      : /Users/ademeter/Work/tmp/taskbox/src/stories/assets/stackalt.svg
[14:55:28] Excluding      : /Users/ademeter/Work/tmp/taskbox/src/app/components/pure-inbox-screen/pure-inbox-screen.component.html
[14:55:28] Including      : /Users/ademeter/Work/tmp/taskbox/src/app/components/pure-inbox-screen/pure-inbox-screen.component.ts
[14:55:28] Including      : /Users/ademeter/Work/tmp/taskbox/src/app/components/pure-inbox-screen/pure-inbox-screen.stories.ts
[14:55:28] Excluding      : /Users/ademeter/Work/tmp/taskbox/src/app/components/pure-task-list/pure-task-list.component.html
[14:55:28] Including      : /Users/ademeter/Work/tmp/taskbox/src/app/components/pure-task-list/pure-task-list.component.ts
[14:55:28] Including      : /Users/ademeter/Work/tmp/taskbox/src/app/components/pure-task-list/pure-task-list.stories.ts
[14:55:28] Excluding      : /Users/ademeter/Work/tmp/taskbox/src/app/components/task/task.component.html
[14:55:28] Including      : /Users/ademeter/Work/tmp/taskbox/src/app/components/task/task.component.ts
[14:55:28] Including      : /Users/ademeter/Work/tmp/taskbox/src/app/components/task/task.stories.ts
[14:55:28] Excluding      : /Users/ademeter/Work/tmp/taskbox/src/app/components/inbox-screen/inbox-screen.component.html
[14:55:28] Including      : /Users/ademeter/Work/tmp/taskbox/src/app/components/inbox-screen/inbox-screen.component.ts
[14:55:28] Excluding      : /Users/ademeter/Work/tmp/taskbox/src/app/components/task-list/task-list.component.html
[14:55:28] Including      : /Users/ademeter/Work/tmp/taskbox/src/app/components/task-list/task-list.component.ts
[14:55:28] Searching package.json file
[14:55:28] package.json file found
[14:55:28] Processing package.json dependencies
[14:55:28] Searching README.md, CHANGELOG.md, CONTRIBUTING.md, LICENSE.md, TODO.md files
[14:55:28] README.md file found
[14:55:28] Error during /Users/ademeter/Work/tmp/taskbox/CHANGELOG read
[14:55:28] Continuing without CHANGELOG.md file
[14:55:28] Error during /Users/ademeter/Work/tmp/taskbox/CONTRIBUTING read
[14:55:28] Continuing without CONTRIBUTING.md file
[14:55:28] LICENSE.md file found
[14:55:28] Error during /Users/ademeter/Work/tmp/taskbox/TODO read
[14:55:28] Continuing without TODO.md file
[14:55:28] Get dependencies data
[14:55:28] parsing        : /Users/ademeter/Work/tmp/taskbox/.storybook/preview.ts
[14:55:28] found          : preview
[14:55:28] parsing        : /Users/ademeter/Work/tmp/taskbox/src/main.ts
[14:55:28] parsing        : /Users/ademeter/Work/tmp/taskbox/src/polyfills.ts
[14:55:28] parsing        : /Users/ademeter/Work/tmp/taskbox/src/app/app.component.ts
[14:55:28] found          : AppComponent
[14:55:28] parsing        : /Users/ademeter/Work/tmp/taskbox/src/app/app.module.ts
[14:55:28] found          : AppModule
[14:55:28]                : - imports:
[14:55:28]                : 	- BrowserModule
[14:55:28]                : 	- InboxScreenComponent
[14:55:28]                : - declarations:
[14:55:28]                : 	- AppComponent
[14:55:28]                : - bootstrap:
[14:55:28]                : 	- AppComponent
[14:55:28] parsing        : /Users/ademeter/Work/tmp/taskbox/src/environments/environment.prod.ts
[14:55:28] found          : environment
[14:55:28] parsing        : /Users/ademeter/Work/tmp/taskbox/src/environments/environment.ts
[14:55:28] found          : environment
[14:55:28] parsing        : /Users/ademeter/Work/tmp/taskbox/src/stories/Button.stories.ts
[14:55:28] found          : meta
[14:55:28] found          : Story
[14:55:28] found          : Primary
[14:55:28] found          : Secondary
[14:55:28] found          : Large
[14:55:28] found          : Small
[14:55:28] parsing        : /Users/ademeter/Work/tmp/taskbox/src/stories/Header.stories.ts
[14:55:28] found          : meta
[14:55:28] found          : Story
[14:55:28] found          : LoggedIn
[14:55:28] found          : LoggedOut
[14:55:28] parsing        : /Users/ademeter/Work/tmp/taskbox/src/stories/Page.stories.ts
[14:55:28] found          : meta
[14:55:28] found          : Story
[14:55:28] found          : LoggedOut
[14:55:28] found          : LoggedIn
[14:55:28] parsing        : /Users/ademeter/Work/tmp/taskbox/src/stories/User.ts
[14:55:28] found          : User
[14:55:28] parsing        : /Users/ademeter/Work/tmp/taskbox/src/stories/button.component.ts
[14:55:28] found          : ButtonComponent
[14:55:28]                : - imports:
[14:55:28]                : 	- CommonModule
[14:55:28] parsing        : /Users/ademeter/Work/tmp/taskbox/src/stories/header.component.ts
[14:55:28] found          : HeaderComponent
[14:55:28] parsing        : /Users/ademeter/Work/tmp/taskbox/src/stories/page.component.ts
[14:55:28] found          : PageComponent
[14:55:28] parsing        : /Users/ademeter/Work/tmp/taskbox/src/app/models/task.model.ts
[14:55:28] found          : Task
[14:55:28] parsing        : /Users/ademeter/Work/tmp/taskbox/src/app/state/task.state.ts
[14:55:28] found          : actions
[14:55:28] found          : ArchiveTask
[14:55:28] found          : PinTask
[14:55:28] found          : AppError
[14:55:28] found          : defaultTasks
[14:55:28] found          : TaskStateModel
[14:55:28] found          : TasksState
[14:55:28] parsing        : /Users/ademeter/Work/tmp/taskbox/src/app/components/pure-inbox-screen/pure-inbox-screen.component.ts
[14:55:28] found          : PureInboxScreenComponent
[14:55:28]                : - imports:
[14:55:28]                : 	- TaskListComponent
[14:55:28]                : 	- NgIf
[14:55:28] parsing        : /Users/ademeter/Work/tmp/taskbox/src/app/components/pure-inbox-screen/pure-inbox-screen.stories.ts
[14:55:28] found          : meta
[14:55:28] found          : Story
[14:55:28] found          : Default
[14:55:28] found          : Error
[14:55:28] parsing        : /Users/ademeter/Work/tmp/taskbox/src/app/components/pure-task-list/pure-task-list.component.ts
[14:55:28] found          : PureTaskListComponent
[14:55:28]                : - imports:
[14:55:28]                : 	- NgIf
[14:55:28]                : 	- NgForOf
[14:55:28]                : 	- TaskComponent
[14:55:28] parsing        : /Users/ademeter/Work/tmp/taskbox/src/app/components/pure-task-list/pure-task-list.stories.ts
[14:55:28] found          : meta
[14:55:28] found          : Story
[14:55:28] found          : Default
[14:55:28] found          : WithPinnedTasks
[14:55:28] found          : Loading
[14:55:28] found          : Empty
[14:55:28] parsing        : /Users/ademeter/Work/tmp/taskbox/src/app/components/task/task.component.ts
[14:55:28] found          : TaskComponent
[14:55:28]                : - imports:
[14:55:28]                : 	- NgIf
[14:55:28] parsing        : /Users/ademeter/Work/tmp/taskbox/src/app/components/task/task.stories.ts
[14:55:28] found          : actionsData
[14:55:28] found          : meta
[14:55:28] found          : Story
[14:55:28] found          : Default
[14:55:28] found          : Pinned
[14:55:28] found          : Archived
[14:55:28] parsing        : /Users/ademeter/Work/tmp/taskbox/src/app/components/inbox-screen/inbox-screen.component.ts
[14:55:28] found          : InboxScreenComponent
[14:55:28]                : - imports:
[14:55:28]                : 	- PureInboxScreenComponent
[14:55:28]                : 	- AsyncPipe
[14:55:28] parsing        : /Users/ademeter/Work/tmp/taskbox/src/app/components/task-list/task-list.component.ts
[14:55:28] found          : TaskListComponent
[14:55:28]                : - imports:
[14:55:28]                : 	- PureTaskListComponent
[14:55:28]                : 	- AsyncPipe
[14:55:28] -------------------
[14:55:28] Project statistics 
[14:55:28] - files      : 25
[14:55:28] - module     : 1
[14:55:28] - component  : 9
[14:55:28] - injectable : 1
[14:55:28] - class      : 3
[14:55:28] - interface  : 3
[14:55:28] -------------------
[14:55:28] Prepare components
[14:55:28]  AppComponent has a templateUrl, include it
[14:55:28]  AppComponent has styleUrls, include them
[14:55:28]  ButtonComponent has styleUrls, include them
[14:55:28]  HeaderComponent has styleUrls, include them
[14:55:28]  InboxScreenComponent has a templateUrl, include it
[14:55:28]  PageComponent has styleUrls, include them
[14:55:28]  PureInboxScreenComponent has a templateUrl, include it
[14:55:28]  PureTaskListComponent has a templateUrl, include it
[14:55:28]  TaskComponent has a templateUrl, include it
[14:55:28]  TaskListComponent has a templateUrl, include it
[14:55:28] Prepare modules
[14:55:28] Prepare injectables
[14:55:28] Prepare classes
[14:55:28] Prepare interfaces
[14:55:28] Prepare miscellaneous
[14:55:28] Process documentation coverage report
[14:55:28] Generating documentation in export format json
[14:55:28] Documentation generated in ./ in 0.236 seconds
info => Cleaning outputDir: /var/folders/r9/9xyl606n78v4s6v_sdjkj9rm0000gn/T/chromatic--98232-ghQGR7L2y5UT

info => Loading presets
info => Building manager..
info => Manager built (148 ms)
info => Building preview..
info => Copying static files: /Users/ademeter/Work/tmp/taskbox/node_modules/@storybook/manager/static at /var/folders/r9/9xyl606n78v4s6v_sdjkj9rm0000gn/T/chromatic--98232-ghQGR7L2y5UT/sb-common-assets
info Using Babel compiler
info Addon-docs: using MDX2
info => Using implicit CSS loaders
info => Using angular browser target options from "taskbox:build"
info => Using angular project with "tsConfig:/Users/ademeter/Work/tmp/taskbox/.storybook/tsconfig.json"
info => Using default Webpack5 setup
<s> [webpack.Progress] 0% 

<s> [webpack.Progress] 1% setup before run
<s> [webpack.Progress] 1% setup before run NodeEnvironmentPlugin
<s> [webpack.Progress] 1% setup before run
<s> [webpack.Progress] 2% setup run
<s> [webpack.Progress] 2% setup run
<s> [webpack.Progress] 4% setup normal module factory
<s> [webpack.Progress] 4% setup normal module factory CaseSensitivePathsPlugin
<s> [webpack.Progress] 4% setup normal module factory
<s> [webpack.Progress] 5% setup context module factory
<s> [webpack.Progress] 5% setup context module factory
<s> [webpack.Progress] 6% setup before compile
<s> [webpack.Progress] 6% setup before compile angular-compiler
<s> [webpack.Progress] 6% setup before compile ProgressPlugin
<s> [webpack.Progress] 6% setup before compile
<s> [webpack.Progress] 7% setup compile
<s> [webpack.Progress] 7% setup compile ExternalsPlugin
<s> [webpack.Progress] 7% setup compile ExternalsPlugin
<s> [webpack.Progress] 7% setup compile
<s> [webpack.Progress] 8% setup compilation
<s> [webpack.Progress] 8% setup compilation angular-occurrences-plugin
<s> [webpack.Progress] 8% setup compilation angular-compiler
<s> [webpack.Progress] 8% setup compilation styles-webpack-plugin
<s> [webpack.Progress] 8% setup compilation mini-css-extract-plugin
<s> [webpack.Progress] 8% setup compilation unplugin-csf
<s> [webpack.Progress] 8% setup compilation storybook-normalize-angular-entry-plugin
<s> [webpack.Progress] 8% setup compilation ArrayPushCallbackChunkFormatPlugin
<s> [webpack.Progress] 8% setup compilation JsonpChunkLoadingPlugin
<s> [webpack.Progress] 8% setup compilation StartupChunkDependenciesPlugin
<s> [webpack.Progress] 8% setup compilation ImportScriptsChunkLoadingPlugin
<s> [webpack.Progress] 8% setup compilation FetchCompileWasmPlugin
<s> [webpack.Progress] 8% setup compilation FetchCompileAsyncWasmPlugin
<s> [webpack.Progress] 8% setup compilation WorkerPlugin
<s> [webpack.Progress] 8% setup compilation SplitChunksPlugin
<s> [webpack.Progress] 8% setup compilation RuntimeChunkPlugin
<s> [webpack.Progress] 8% setup compilation ResolverCachePlugin
<s> [webpack.Progress] 8% setup compilation HtmlWebpackPlugin
<s> [webpack.Progress] 8% setup compilation
<s> [webpack.Progress] 9% setup compilation
<s> [webpack.Progress] 9% setup compilation named-chunks-plugin
<s> [webpack.Progress] 9% setup compilation DedupeModuleResolvePlugin
<s> [webpack.Progress] 9% setup compilation AnyComponentStyleBudgetChecker
<s> [webpack.Progress] 9% setup compilation mini-css-extract-plugin
<s> [webpack.Progress] 9% setup compilation SuppressExtractedTextChunks
<s> [webpack.Progress] 9% setup compilation DefinePlugin
<s> [webpack.Progress] 9% setup compilation ProvidePlugin
<s> [webpack.Progress] 9% setup compilation ProgressPlugin
<s> [webpack.Progress] 9% setup compilation ChunkPrefetchPreloadPlugin
<s> [webpack.Progress] 9% setup compilation SourceMapDevToolPlugin
<s> [webpack.Progress] 9% setup compilation JavascriptModulesPlugin
<s> [webpack.Progress] 9% setup compilation JsonModulesPlugin
<s> [webpack.Progress] 9% setup compilation AssetModulesPlugin
<s> [webpack.Progress] 9% setup compilation DynamicEntryPlugin
<s> [webpack.Progress] 9% setup compilation RuntimePlugin
<s> [webpack.Progress] 9% setup compilation InferAsyncModulesPlugin
<s> [webpack.Progress] 9% setup compilation DataUriPlugin
<s> [webpack.Progress] 9% setup compilation FileUriPlugin
<s> [webpack.Progress] 9% setup compilation CompatibilityPlugin
<s> [webpack.Progress] 9% setup compilation HarmonyModulesPlugin
<s> [webpack.Progress] 9% setup compilation AMDPlugin
<s> [webpack.Progress] 9% setup compilation RequireJsStuffPlugin
<s> [webpack.Progress] 9% setup compilation CommonJsPlugin
<s> [webpack.Progress] 9% setup compilation LoaderPlugin
<s> [webpack.Progress] 9% setup compilation LoaderPlugin
<s> [webpack.Progress] 9% setup compilation NodeStuffPlugin
<s> [webpack.Progress] 9% setup compilation APIPlugin
<s> [webpack.Progress] 9% setup compilation ExportsInfoApiPlugin
<s> [webpack.Progress] 9% setup compilation WebpackIsIncludedPlugin
<s> [webpack.Progress] 9% setup compilation ConstPlugin
<s> [webpack.Progress] 9% setup compilation UseStrictPlugin
<s> [webpack.Progress] 9% setup compilation RequireIncludePlugin
<s> [webpack.Progress] 9% setup compilation RequireEnsurePlugin
<s> [webpack.Progress] 9% setup compilation RequireContextPlugin
<s> [webpack.Progress] 9% setup compilation ImportPlugin
<s> [webpack.Progress] 9% setup compilation ImportMetaContextPlugin
<s> [webpack.Progress] 9% setup compilation SystemPlugin
<s> [webpack.Progress] 9% setup compilation ImportMetaPlugin
<s> [webpack.Progress] 9% setup compilation URLPlugin
<s> [webpack.Progress] 9% setup compilation DefaultStatsFactoryPlugin
<s> [webpack.Progress] 9% setup compilation DefaultStatsPresetPlugin
<s> [webpack.Progress] 9% setup compilation DefaultStatsPrinterPlugin
<s> [webpack.Progress] 9% setup compilation JavascriptMetaInfoPlugin
<s> [webpack.Progress] 9% setup compilation EnsureChunkConditionsPlugin
<s> [webpack.Progress] 9% setup compilation RemoveEmptyChunksPlugin
<s> [webpack.Progress] 9% setup compilation MergeDuplicateChunksPlugin
<s> [webpack.Progress] 9% setup compilation FlagIncludedChunksPlugin
<s> [webpack.Progress] 9% setup compilation SideEffectsFlagPlugin
<s> [webpack.Progress] 9% setup compilation FlagDependencyExportsPlugin
<s> [webpack.Progress] 9% setup compilation FlagDependencyUsagePlugin
<s> [webpack.Progress] 9% setup compilation InnerGraphPlugin
<s> [webpack.Progress] 9% setup compilation MangleExportsPlugin
<s> [webpack.Progress] 9% setup compilation ModuleConcatenationPlugin
<s> [webpack.Progress] 9% setup compilation NoEmitOnErrorsPlugin
<s> [webpack.Progress] 9% setup compilation RealContentHashPlugin
<s> [webpack.Progress] 9% setup compilation WasmFinalizeExportsPlugin
<s> [webpack.Progress] 9% setup compilation NamedModuleIdsPlugin
<s> [webpack.Progress] 9% setup compilation DeterministicChunkIdsPlugin
<s> [webpack.Progress] 9% setup compilation DefinePlugin
<s> [webpack.Progress] 9% setup compilation TerserPlugin
<s> [webpack.Progress] 9% setup compilation TemplatedPathPlugin
<s> [webpack.Progress] 9% setup compilation RecordIdsPlugin
<s> [webpack.Progress] 9% setup compilation WarnCaseSensitiveModulesPlugin
<s> [webpack.Progress] 9% setup compilation IgnoreWarningsPlugin
<s> [webpack.Progress] 9% setup compilation
<s> [webpack.Progress] 10% building
<s> [webpack.Progress] 10% building 0/1 entries 0/0 dependencies 0/0 modules
<s> [webpack.Progress] 10% building import loader ./node_modules/@angular-devkit/build-angular/src/tools/babel/webpack-loader.js
<s> [webpack.Progress] 10% building 0/4 entries 1/4 dependencies 0/1 modules
<s> [webpack.Progress] 10% building import loader ./node_modules/mini-css-extract-plugin/dist/loader.js
<s> [webpack.Progress] 10% building import loader ./node_modules/css-loader/dist/cjs.js
<s> [webpack.Progress] 10% building import loader ./node_modules/postcss-loader/dist/cjs.js
<s> [webpack.Progress] 10% building 0/4 entries 2/4 dependencies 0/2 modules
<s> [webpack.Progress] 23% building 1/4 entries 5/5 dependencies 1/5 modules
<s> [webpack.Progress] 32% building 2/4 entries 9/22 dependencies 5/9 modules
<s> [webpack.Progress] 37% building import loader ./node_modules/@ngtools/webpack/src/ivy/index.js
<s> [webpack.Progress] 37% building 2/4 entries 17/32 dependencies 5/17 modules
<s> [webpack.Progress] 37% building import loader ./node_modules/@storybook/builder-webpack5/dist/loaders/export-order-loader.js
<s> [webpack.Progress] 37% building import loader ./node_modules/unplugin/dist/webpack/loaders/transform.js
<s> [webpack.Progress] 37% building 2/4 entries 46/57 dependencies 8/36 modules
<s> [webpack.Progress] 51% building 3/4 entries 52/66 dependencies 14/39 modules
<s> [webpack.Progress] 51% building 3/4 entries 198/221 dependencies 44/91 modules
<s> [webpack.Progress] 51% building 3/4 entries 1689/1700 dependencies 119/592 modules
<s> [webpack.Progress] 51% building 3/4 entries 2559/2600 dependencies 644/773 modules
<s> [webpack.Progress] 65% building 4/4 entries 2883/2883 dependencies 855/855 modules
<s> [webpack.Progress] 65% building
<s> [webpack.Progress] 69% building finish
<s> [webpack.Progress] 69% building finish
<s> [webpack.Progress] 70% sealing finish module graph
<s> [webpack.Progress] 70% sealing finish module graph angular-compiler
<s> [webpack.Progress] 70% sealing finish module graph ResolverCachePlugin
<s> [webpack.Progress] 70% sealing finish module graph InferAsyncModulesPlugin
<s> [webpack.Progress] 70% sealing finish module graph FlagDependencyExportsPlugin
<s> [webpack.Progress] 70% sealing finish module graph InnerGraphPlugin
<s> [webpack.Progress] 70% sealing finish module graph WasmFinalizeExportsPlugin
<s> [webpack.Progress] 70% sealing finish module graph
<s> [webpack.Progress] 70% sealing plugins
<s> [webpack.Progress] 70% sealing plugins WarnCaseSensitiveModulesPlugin
<s> [webpack.Progress] 70% sealing plugins
<s> [webpack.Progress] 71% sealing dependencies optimization
<s> [webpack.Progress] 71% sealing dependencies optimization SideEffectsFlagPlugin
<s> [webpack.Progress] 71% sealing dependencies optimization FlagDependencyUsagePlugin
<s> [webpack.Progress] 71% sealing dependencies optimization
<s> [webpack.Progress] 71% sealing after dependencies optimization
<s> [webpack.Progress] 71% sealing after dependencies optimization
<s> [webpack.Progress] 72% sealing chunk graph
<s> [webpack.Progress] 72% sealing chunk graph
<s> [webpack.Progress] 73% sealing after chunk graph
<s> [webpack.Progress] 73% sealing after chunk graph
<s> [webpack.Progress] 73% sealing optimizing
<s> [webpack.Progress] 73% sealing optimizing
<s> [webpack.Progress] 74% sealing module optimization
<s> [webpack.Progress] 74% sealing module optimization
<s> [webpack.Progress] 75% sealing after module optimization
<s> [webpack.Progress] 75% sealing after module optimization
<s> [webpack.Progress] 75% sealing chunk optimization
<s> [webpack.Progress] 75% sealing chunk optimization EnsureChunkConditionsPlugin
<s> [webpack.Progress] 75% sealing chunk optimization RemoveEmptyChunksPlugin
<s> [webpack.Progress] 75% sealing chunk optimization MergeDuplicateChunksPlugin
<s> [webpack.Progress] 75% sealing chunk optimization SplitChunksPlugin
<s> [webpack.Progress] 75% sealing chunk optimization RemoveEmptyChunksPlugin
<s> [webpack.Progress] 75% sealing chunk optimization
<s> [webpack.Progress] 76% sealing after chunk optimization
<s> [webpack.Progress] 76% sealing after chunk optimization
<s> [webpack.Progress] 77% sealing module and chunk tree optimization
<s> [webpack.Progress] 77% sealing module and chunk tree optimization PersistentChildCompilerSingletonPlugin
<s> [webpack.Progress] 77% sealing module and chunk tree optimization
<s> [webpack.Progress] 77% sealing after module and chunk tree optimization
<s> [webpack.Progress] 77% sealing after module and chunk tree optimization
<s> [webpack.Progress] 78% sealing chunk modules optimization
<s> [webpack.Progress] 78% sealing chunk modules optimization ModuleConcatenationPlugin
<s> [webpack.Progress] 78% sealing chunk modules optimization
<s> [webpack.Progress] 78% sealing after chunk modules optimization
<s> [webpack.Progress] 78% sealing after chunk modules optimization
<s> [webpack.Progress] 79% sealing module reviving
<s> [webpack.Progress] 79% sealing module reviving RecordIdsPlugin
<s> [webpack.Progress] 79% sealing module reviving
<s> [webpack.Progress] 80% sealing before module ids
<s> [webpack.Progress] 80% sealing before module ids
<s> [webpack.Progress] 80% sealing module ids
<s> [webpack.Progress] 80% sealing module ids NamedModuleIdsPlugin
<s> [webpack.Progress] 80% sealing module ids
<s> [webpack.Progress] 81% sealing module id optimization
<s> [webpack.Progress] 81% sealing module id optimization
<s> [webpack.Progress] 82% sealing module id optimization
<s> [webpack.Progress] 82% sealing module id optimization
<s> [webpack.Progress] 82% sealing chunk reviving
<s> [webpack.Progress] 82% sealing chunk reviving RecordIdsPlugin
<s> [webpack.Progress] 82% sealing chunk reviving
<s> [webpack.Progress] 83% sealing before chunk ids
<s> [webpack.Progress] 83% sealing before chunk ids
<s> [webpack.Progress] 84% sealing chunk ids
<s> [webpack.Progress] 84% sealing chunk ids DeterministicChunkIdsPlugin
<s> [webpack.Progress] 84% sealing chunk ids
<s> [webpack.Progress] 84% sealing chunk id optimization
<s> [webpack.Progress] 84% sealing chunk id optimization FlagIncludedChunksPlugin
<s> [webpack.Progress] 84% sealing chunk id optimization
<s> [webpack.Progress] 85% sealing after chunk id optimization
<s> [webpack.Progress] 85% sealing after chunk id optimization
<s> [webpack.Progress] 86% sealing record modules
<s> [webpack.Progress] 86% sealing record modules RecordIdsPlugin
<s> [webpack.Progress] 86% sealing record modules
<s> [webpack.Progress] 86% sealing record chunks
<s> [webpack.Progress] 86% sealing record chunks RecordIdsPlugin
<s> [webpack.Progress] 86% sealing record chunks
<s> [webpack.Progress] 87% sealing module hashing
<s> [webpack.Progress] 87% sealing module hashing
<s> [webpack.Progress] 87% sealing code generation
<s> [webpack.Progress] 87% sealing code generation
<s> [webpack.Progress] 88% sealing runtime requirements
<s> [webpack.Progress] 88% sealing runtime requirements
<s> [webpack.Progress] 89% sealing hashing
<s> [webpack.Progress] 89% sealing hashing
<s> [webpack.Progress] 89% sealing after hashing
<s> [webpack.Progress] 89% sealing after hashing
<s> [webpack.Progress] 90% sealing record hash
<s> [webpack.Progress] 90% sealing record hash
<s> [webpack.Progress] 91% sealing module assets processing
<s> [webpack.Progress] 91% sealing module assets processing
<s> [webpack.Progress] 91% sealing chunk assets processing
<s> [webpack.Progress] 91% sealing chunk assets processing
<s> [webpack.Progress] 92% sealing asset processing
<s> [webpack.Progress] 92% sealing asset processing PersistentChildCompilerSingletonPlugin
<s> [webpack.Progress] 92% sealing asset processing TerserPlugin
<s> [webpack.Progress] 92% sealing asset processing SourceMapDevToolPlugin
<s> [webpack.Progress] 92% sealing asset processing SourceMapDevToolPlugin
<s> [webpack.Progress] 92% sealing asset processing SourceMapDevToolPlugin main.603fc38075a37891701a.css generate SourceMap
<s> [webpack.Progress] 92% sealing asset processing SourceMapDevToolPlugin main.603fc38075a37891701a.css generated SourceMap
<s> [webpack.Progress] 92% sealing asset processing SourceMapDevToolPlugin main.b42a1ad3.iframe.bundle.js generate SourceMap
<s> [webpack.Progress] 92% sealing asset processing SourceMapDevToolPlugin main.b42a1ad3.iframe.bundle.js generated SourceMap
<s> [webpack.Progress] 92% sealing asset processing SourceMapDevToolPlugin runtime~main.143eba73.iframe.bundle.js generate SourceMap
<s> [webpack.Progress] 92% sealing asset processing SourceMapDevToolPlugin runtime~main.143eba73.iframe.bundle.js generated SourceMap
<s> [webpack.Progress] 92% sealing asset processing SourceMapDevToolPlugin pure-inbox-screen-pure-inbox-screen-stories.f60daf5f.iframe.bundle.js generate SourceMap
<s> [webpack.Progress] 92% sealing asset processing SourceMapDevToolPlugin pure-inbox-screen-pure-inbox-screen-stories.f60daf5f.iframe.bundle.js generated SourceMap
<s> [webpack.Progress] 92% sealing asset processing SourceMapDevToolPlugin pure-task-list-pure-task-list-stories.f91c98a4.iframe.bundle.js generate SourceMap
<s> [webpack.Progress] 92% sealing asset processing SourceMapDevToolPlugin pure-task-list-pure-task-list-stories.f91c98a4.iframe.bundle.js generated SourceMap
<s> [webpack.Progress] 92% sealing asset processing SourceMapDevToolPlugin task-task-stories.e09cd88b.iframe.bundle.js generate SourceMap
<s> [webpack.Progress] 92% sealing asset processing SourceMapDevToolPlugin task-task-stories.e09cd88b.iframe.bundle.js generated SourceMap
<s> [webpack.Progress] 92% sealing asset processing SourceMapDevToolPlugin 493.cdc0688d.iframe.bundle.js generate SourceMap
<s> [webpack.Progress] 92% sealing asset processing SourceMapDevToolPlugin 493.cdc0688d.iframe.bundle.js generated SourceMap
<s> [webpack.Progress] 92% sealing asset processing SourceMapDevToolPlugin 433.0032e975.iframe.bundle.js generate SourceMap
<s> [webpack.Progress] 92% sealing asset processing SourceMapDevToolPlugin 433.0032e975.iframe.bundle.js generated SourceMap
<s> [webpack.Progress] 92% sealing asset processing SourceMapDevToolPlugin 195.735c21e9.iframe.bundle.js generate SourceMap
<s> [webpack.Progress] 92% sealing asset processing SourceMapDevToolPlugin 195.735c21e9.iframe.bundle.js generated SourceMap
<s> [webpack.Progress] 92% sealing asset processing SourceMapDevToolPlugin 21.4d64b1e2.iframe.bundle.js generate SourceMap
<s> [webpack.Progress] 92% sealing asset processing SourceMapDevToolPlugin 21.4d64b1e2.iframe.bundle.js generated SourceMap
<s> [webpack.Progress] 92% sealing asset processing SourceMapDevToolPlugin 288.a5fdb32f.iframe.bundle.js generate SourceMap
<s> [webpack.Progress] 92% sealing asset processing SourceMapDevToolPlugin 288.a5fdb32f.iframe.bundle.js generated SourceMap
<s> [webpack.Progress] 92% sealing asset processing SourceMapDevToolPlugin 841.4f5ec228.iframe.bundle.js generate SourceMap
<s> [webpack.Progress] 92% sealing asset processing SourceMapDevToolPlugin 841.4f5ec228.iframe.bundle.js generated SourceMap
<s> [webpack.Progress] 92% sealing asset processing SourceMapDevToolPlugin 40.9e0d855b.iframe.bundle.js generate SourceMap
<s> [webpack.Progress] 92% sealing asset processing SourceMapDevToolPlugin 40.9e0d855b.iframe.bundle.js generated SourceMap
<s> [webpack.Progress] 92% sealing asset processing SourceMapDevToolPlugin 117.af34ca51.iframe.bundle.js generate SourceMap
<s> [webpack.Progress] 92% sealing asset processing SourceMapDevToolPlugin 117.af34ca51.iframe.bundle.js generated SourceMap
<s> [webpack.Progress] 92% sealing asset processing SourceMapDevToolPlugin 569.a1072e8e.iframe.bundle.js generate SourceMap
<s> [webpack.Progress] 92% sealing asset processing SourceMapDevToolPlugin 569.a1072e8e.iframe.bundle.js generated SourceMap
<s> [webpack.Progress] 92% sealing asset processing SourceMapDevToolPlugin resolve sources
<s> [webpack.Progress] 92% sealing asset processing SourceMapDevToolPlugin 493.cdc0688d.iframe.bundle.js attach SourceMap
<s> [webpack.Progress] 92% sealing asset processing SourceMapDevToolPlugin 493.cdc0688d.iframe.bundle.js attached SourceMap
<s> [webpack.Progress] 92% sealing asset processing SourceMapDevToolPlugin 841.4f5ec228.iframe.bundle.js attach SourceMap
<s> [webpack.Progress] 92% sealing asset processing SourceMapDevToolPlugin 841.4f5ec228.iframe.bundle.js attached SourceMap
<s> [webpack.Progress] 92% sealing asset processing SourceMapDevToolPlugin 117.af34ca51.iframe.bundle.js attach SourceMap
<s> [webpack.Progress] 92% sealing asset processing SourceMapDevToolPlugin 117.af34ca51.iframe.bundle.js attached SourceMap
<s> [webpack.Progress] 92% sealing asset processing SourceMapDevToolPlugin
<s> [webpack.Progress] 92% sealing asset processing SourceMapDevToolPlugin
<s> [webpack.Progress] 92% sealing asset processing SourceMapDevToolPlugin resolve sources
<s> [webpack.Progress] 92% sealing asset processing SourceMapDevToolPlugin
<s> [webpack.Progress] 92% sealing asset processing HtmlWebpackPlugin
<s> [webpack.Progress] 92% sealing asset processing HtmlWebpackPlugin
<s> [webpack.Progress] 92% sealing asset processing HtmlWebpackPlugin resolve sources
<s> [webpack.Progress] 92% sealing asset processing HtmlWebpackPlugin
<s> [webpack.Progress] 92% sealing asset processing RealContentHashPlugin
<s> [webpack.Progress] 92% sealing asset processing RealContentHashPlugin
<s> [webpack.Progress] 92% sealing asset processing RealContentHashPlugin main.09bf1100deefcb1067c1.css generate SourceMap
<s> [webpack.Progress] 92% sealing asset processing RealContentHashPlugin main.09bf1100deefcb1067c1.css generated SourceMap
<s> [webpack.Progress] 92% sealing asset processing RealContentHashPlugin main.326fb556.iframe.bundle.js generate SourceMap
<s> [webpack.Progress] 92% sealing asset processing RealContentHashPlugin main.326fb556.iframe.bundle.js generated SourceMap
<s> [webpack.Progress] 92% sealing asset processing RealContentHashPlugin runtime~main.bd28783c.iframe.bundle.js generate SourceMap
<s> [webpack.Progress] 92% sealing asset processing RealContentHashPlugin runtime~main.bd28783c.iframe.bundle.js generated SourceMap
<s> [webpack.Progress] 92% sealing asset processing RealContentHashPlugin pure-inbox-screen-pure-inbox-screen-stories.2a58f04f.iframe.bundle.js generate SourceMap
<s> [webpack.Progress] 92% sealing asset processing RealContentHashPlugin pure-inbox-screen-pure-inbox-screen-stories.2a58f04f.iframe.bundle.js generated SourceMap
<s> [webpack.Progress] 92% sealing asset processing RealContentHashPlugin pure-task-list-pure-task-list-stories.95547351.iframe.bundle.js generate SourceMap
<s> [webpack.Progress] 92% sealing asset processing RealContentHashPlugin pure-task-list-pure-task-list-stories.95547351.iframe.bundle.js generated SourceMap
<s> [webpack.Progress] 92% sealing asset processing RealContentHashPlugin task-task-stories.e5c8f8a4.iframe.bundle.js generate SourceMap
<s> [webpack.Progress] 92% sealing asset processing RealContentHashPlugin task-task-stories.e5c8f8a4.iframe.bundle.js generated SourceMap
<s> [webpack.Progress] 92% sealing asset processing RealContentHashPlugin 195.6db1bc09.iframe.bundle.js generate SourceMap
<s> [webpack.Progress] 92% sealing asset processing RealContentHashPlugin 195.6db1bc09.iframe.bundle.js generated SourceMap
<s> [webpack.Progress] 92% sealing asset processing RealContentHashPlugin 21.c7e8d13f.iframe.bundle.js generate SourceMap
<s> [webpack.Progress] 92% sealing asset processing RealContentHashPlugin 21.c7e8d13f.iframe.bundle.js generated SourceMap
<s> [webpack.Progress] 92% sealing asset processing RealContentHashPlugin 288.c7790dc6.iframe.bundle.js generate SourceMap
<s> [webpack.Progress] 92% sealing asset processing RealContentHashPlugin 288.c7790dc6.iframe.bundle.js generated SourceMap
<s> [webpack.Progress] 92% sealing asset processing RealContentHashPlugin 40.82eb1f93.iframe.bundle.js generate SourceMap
<s> [webpack.Progress] 92% sealing asset processing RealContentHashPlugin 40.82eb1f93.iframe.bundle.js generated SourceMap
<s> [webpack.Progress] 92% sealing asset processing RealContentHashPlugin 569.03ed604b.iframe.bundle.js generate SourceMap
<s> [webpack.Progress] 92% sealing asset processing RealContentHashPlugin 569.03ed604b.iframe.bundle.js generated SourceMap
<s> [webpack.Progress] 92% sealing asset processing RealContentHashPlugin 433.b0969e3c.iframe.bundle.js generate SourceMap
<s> [webpack.Progress] 92% sealing asset processing RealContentHashPlugin 433.b0969e3c.iframe.bundle.js generated SourceMap
<s> [webpack.Progress] 92% sealing asset processing RealContentHashPlugin resolve sources
<s> [webpack.Progress] 92% sealing asset processing RealContentHashPlugin
<s> [webpack.Progress] 92% sealing asset processing angular-occurrences-plugin
<s> [webpack.Progress] 92% sealing asset processing AnyComponentStyleBudgetChecker
<s> [webpack.Progress] 92% sealing asset processing
<s> [webpack.Progress] 93% sealing after asset optimization
<s> [webpack.Progress] 93% sealing after asset optimization
<s> [webpack.Progress] 93% sealing recording
<s> [webpack.Progress] 93% sealing recording
<s> [webpack.Progress] 94% sealing after seal
<s> [webpack.Progress] 94% sealing after seal
<s> [webpack.Progress] 95% emitting emit
<s> [webpack.Progress] 95% emitting emit
<s> [webpack.Progress] 98% emitting after emit
<s> [webpack.Progress] 98% emitting after emit SizeLimitsPlugin
<s> [webpack.Progress] 98% emitting after emit
<s> [webpack.Progress] 99% done plugins
<s> [webpack.Progress] 99% done plugins CaseSensitivePathsPlugin
<s> [webpack.Progress] 99% done plugins
<s> [webpack.Progress] 99% 

<s> [webpack.Progress] 99% cache store build dependencies
<s> [webpack.Progress] 99% cache store build dependencies
<s> [webpack.Progress] 99% cache begin idle
<s> [webpack.Progress] 99% cache begin idle
<s> [webpack.Progress] 100% 

WARN /Users/ademeter/Work/tmp/taskbox/src/app/app.component.ts is part of the TypeScript compilation but it's unused.
WARN Add only entry points to the 'files' or 'include' properties in your tsconfig.
WARN /Users/ademeter/Work/tmp/taskbox/src/app/app.module.ts is part of the TypeScript compilation but it's unused.
WARN Add only entry points to the 'files' or 'include' properties in your tsconfig.
WARN /Users/ademeter/Work/tmp/taskbox/src/app/components/inbox-screen/inbox-screen.component.ts is part of the TypeScript compilation but it's unused.
WARN Add only entry points to the 'files' or 'include' properties in your tsconfig.
WARN /Users/ademeter/Work/tmp/taskbox/src/environments/environment.prod.ts is part of the TypeScript compilation but it's unused.
WARN Add only entry points to the 'files' or 'include' properties in your tsconfig.
WARN /Users/ademeter/Work/tmp/taskbox/src/environments/environment.ts is part of the TypeScript compilation but it's unused.
WARN Add only entry points to the 'files' or 'include' properties in your tsconfig.
WARN /Users/ademeter/Work/tmp/taskbox/src/main.ts is part of the TypeScript compilation but it's unused.
WARN Add only entry points to the 'files' or 'include' properties in your tsconfig.
WARN /Users/ademeter/Work/tmp/taskbox/src/polyfills.ts is part of the TypeScript compilation but it's unused.
WARN Add only entry points to the 'files' or 'include' properties in your tsconfig.
WARN /Users/ademeter/Work/tmp/taskbox/src/stories/Button.stories.ts is part of the TypeScript compilation but it's unused.
WARN Add only entry points to the 'files' or 'include' properties in your tsconfig.
WARN /Users/ademeter/Work/tmp/taskbox/src/stories/Header.stories.ts is part of the TypeScript compilation but it's unused.
WARN Add only entry points to the 'files' or 'include' properties in your tsconfig.
WARN /Users/ademeter/Work/tmp/taskbox/src/stories/Page.stories.ts is part of the TypeScript compilation but it's unused.
WARN Add only entry points to the 'files' or 'include' properties in your tsconfig.
WARN /Users/ademeter/Work/tmp/taskbox/src/stories/User.ts is part of the TypeScript compilation but it's unused.
WARN Add only entry points to the 'files' or 'include' properties in your tsconfig.
WARN /Users/ademeter/Work/tmp/taskbox/src/stories/button.component.ts is part of the TypeScript compilation but it's unused.
WARN Add only entry points to the 'files' or 'include' properties in your tsconfig.
WARN /Users/ademeter/Work/tmp/taskbox/src/stories/header.component.ts is part of the TypeScript compilation but it's unused.
WARN Add only entry points to the 'files' or 'include' properties in your tsconfig.
WARN /Users/ademeter/Work/tmp/taskbox/src/stories/page.component.ts is part of the TypeScript compilation but it's unused.
WARN Add only entry points to the 'files' or 'include' properties in your tsconfig.
WARN asset size limit: The following asset(s) exceed the recommended size limit (244 KiB).
WARN This can impact web performance.
WARN Assets: 
WARN   493.1f797d15.iframe.bundle.js (816 KiB)
WARN   433.b0969e3c.iframe.bundle.js (796 KiB)
WARN   841.2ddd4272.iframe.bundle.js (583 KiB)
WARN   117.31793ab5.iframe.bundle.js (2.53 MiB)
WARN entrypoint size limit: The following entrypoint(s) combined asset size exceeds the recommended limit (244 KiB). This can impact web performance.
WARN Entrypoints:
WARN   main (2.64 MiB)
WARN       runtime~main.bd28783c.iframe.bundle.js
WARN       117.31793ab5.iframe.bundle.js
WARN       main.09bf1100deefcb1067c1.css
WARN       main.326fb556.iframe.bundle.js
WARN 
<s> [webpack.Progress] 99% cache shutdown
<s> [webpack.Progress] 99% cache shutdown
<s> [webpack.Progress] 100% 

info => Preview built (17 s)
info => Output directory: /var/folders/r9/9xyl606n78v4s6v_sdjkj9rm0000gn/T/chromatic--98232-ghQGR7L2y5UT
